<?xml version="1.0" encoding="UTF-8"?>
<!-- Generated by org.testng.reporters.JUnitXMLReporter -->
<testsuite ignored="0" hostname="IN-BXWVDK3" failures="3" tests="10" name="Surefire test" time="261.793" errors="0" timestamp="2024-06-03T16:15:48 IST">
  <testcase classname="io.cucumber.testng.AbstractTestNGCucumberTests" name="runScenario" time="31.279">
    <failure type="org.openqa.selenium.SessionNotCreatedException" message="Could not start a new session. Response code 500. Message: An unknown server-side error occurred while processing the command. Original error: Error executing adbExec. Original error: &amp;apos;Command &amp;apos;C:\\Users\\alokpandey02\\AppData\\Local\\Android\\Sdk\\platform-tools\\adb.exe -P 5037 -s emulator-5554 shell pm clear com.boopathy.raja.tutorial&amp;apos; timed out after 20000ms&amp;apos;. Try to increase the 20000ms adb execution timeout represented by &amp;apos;adbExecTimeout&amp;apos; capability 
Host info: host: &amp;apos;IN-BXWVDK3&amp;apos;, ip: &amp;apos;192.168.1.104&amp;apos;
Build info: version: &amp;apos;4.21.0&amp;apos;, revision: &amp;apos;79ed462ef4&amp;apos;
System info: os.name: &amp;apos;Windows 10&amp;apos;, os.arch: &amp;apos;amd64&amp;apos;, os.version: &amp;apos;10.0&amp;apos;, java.version: &amp;apos;17&amp;apos;
Driver info: io.appium.java_client.android.AndroidDriver
Command: [null, newSession {capabilities=[{appium:appWaitPackage=com.boopathy.raja.tutorial, appium:appWaitActivity=com.boopathy.raja.tutorial.Splash, platformName=ANDROID, appium:autoAcceptAlerts=true, appium:automationName=UiAutomator2, appium:deviceName=Android, appium:newCommandTimeout=300, appium:platformVersion=8.0, appium:app=C:\Users\alokpandey02\eclipse-workspace\NAGPAppiumAssignment\src\test\resources\Android_UI_Design-1.0 1.apk}], desiredCapabilities=Capabilities {app: C:\Users\alokpandey02\eclip..., appWaitActivity: com.boopathy.raja.tutorial...., appWaitPackage: com.boopathy.raja.tutorial, autoAcceptAlerts: true, automationName: UiAutomator2, deviceName: Android, newCommandTimeout: 300, platformName: ANDROID, platformVersion: 8.0}}]
Capabilities {app: C:\Users\alokpandey02\eclip..., appWaitActivity: com.boopathy.raja.tutorial...., appWaitPackage: com.boopathy.raja.tutorial, autoAcceptAlerts: true, automationName: UiAutomator2, deviceName: Android, newCommandTimeout: 300, platformName: ANDROID, platformVersion: 8.0}">
      <![CDATA[org.openqa.selenium.SessionNotCreatedException: Could not start a new session. Response code 500. Message: An unknown server-side error occurred while processing the command. Original error: Error executing adbExec. Original error: 'Command 'C:\\Users\\alokpandey02\\AppData\\Local\\Android\\Sdk\\platform-tools\\adb.exe -P 5037 -s emulator-5554 shell pm clear com.boopathy.raja.tutorial' timed out after 20000ms'. Try to increase the 20000ms adb execution timeout represented by 'adbExecTimeout' capability 
Host info: host: 'IN-BXWVDK3', ip: '192.168.1.104'
Build info: version: '4.21.0', revision: '79ed462ef4'
System info: os.name: 'Windows 10', os.arch: 'amd64', os.version: '10.0', java.version: '17'
Driver info: io.appium.java_client.android.AndroidDriver
Command: [null, newSession {capabilities=[{appium:appWaitPackage=com.boopathy.raja.tutorial, appium:appWaitActivity=com.boopathy.raja.tutorial.Splash, platformName=ANDROID, appium:autoAcceptAlerts=true, appium:automationName=UiAutomator2, appium:deviceName=Android, appium:newCommandTimeout=300, appium:platformVersion=8.0, appium:app=C:\Users\alokpandey02\eclipse-workspace\NAGPAppiumAssignment\src\test\resources\Android_UI_Design-1.0 1.apk}], desiredCapabilities=Capabilities {app: C:\Users\alokpandey02\eclip..., appWaitActivity: com.boopathy.raja.tutorial...., appWaitPackage: com.boopathy.raja.tutorial, autoAcceptAlerts: true, automationName: UiAutomator2, deviceName: Android, newCommandTimeout: 300, platformName: ANDROID, platformVersion: 8.0}}]
Capabilities {app: C:\Users\alokpandey02\eclip..., appWaitActivity: com.boopathy.raja.tutorial...., appWaitPackage: com.boopathy.raja.tutorial, autoAcceptAlerts: true, automationName: UiAutomator2, deviceName: Android, newCommandTimeout: 300, platformName: ANDROID, platformVersion: 8.0}
at org.openqa.selenium.remote.ProtocolHandshake.createSession(ProtocolHandshake.java:114)
at io.appium.java_client.remote.AppiumProtocolHandshake.createSession(AppiumProtocolHandshake.java:116)
at io.appium.java_client.remote.AppiumProtocolHandshake.createSession(AppiumProtocolHandshake.java:96)
at io.appium.java_client.remote.AppiumCommandExecutor.createSession(AppiumCommandExecutor.java:176)
at io.appium.java_client.remote.AppiumCommandExecutor.execute(AppiumCommandExecutor.java:237)
at org.openqa.selenium.remote.RemoteWebDriver.execute(RemoteWebDriver.java:518)
at io.appium.java_client.AppiumDriver.startSession(AppiumDriver.java:268)
at org.openqa.selenium.remote.RemoteWebDriver.<init>(RemoteWebDriver.java:161)
at io.appium.java_client.AppiumDriver.<init>(AppiumDriver.java:90)
at io.appium.java_client.AppiumDriver.<init>(AppiumDriver.java:102)
at io.appium.java_client.android.AndroidDriver.<init>(AndroidDriver.java:109)
at nagp.Base.TestBase.ExecuteDriver(TestBase.java:54)
at nagp.hooks.Hooks.Before(Hooks.java:60)
... Removed 4 stack frames]]>
    </failure>
  </testcase> <!-- runScenario -->
  <testcase classname="io.cucumber.testng.AbstractTestNGCucumberTests" name="runScenario" time="21.496">
    <failure type="org.openqa.selenium.SessionNotCreatedException" message="Could not start a new session. Response code 500. Message: An unknown server-side error occurred while processing the command. Original error: Error executing adbExec. Original error: &amp;apos;Command &amp;apos;C:\\Users\\alokpandey02\\AppData\\Local\\Android\\Sdk\\platform-tools\\adb.exe -P 5037 -s emulator-5554 shell pm clear com.boopathy.raja.tutorial&amp;apos; timed out after 20000ms&amp;apos;. Try to increase the 20000ms adb execution timeout represented by &amp;apos;adbExecTimeout&amp;apos; capability 
Host info: host: &amp;apos;IN-BXWVDK3&amp;apos;, ip: &amp;apos;192.168.1.104&amp;apos;
Build info: version: &amp;apos;4.21.0&amp;apos;, revision: &amp;apos;79ed462ef4&amp;apos;
System info: os.name: &amp;apos;Windows 10&amp;apos;, os.arch: &amp;apos;amd64&amp;apos;, os.version: &amp;apos;10.0&amp;apos;, java.version: &amp;apos;17&amp;apos;
Driver info: io.appium.java_client.android.AndroidDriver
Command: [null, newSession {capabilities=[{appium:appWaitPackage=com.boopathy.raja.tutorial, appium:appWaitActivity=com.boopathy.raja.tutorial.Splash, platformName=ANDROID, appium:autoAcceptAlerts=true, appium:automationName=UiAutomator2, appium:deviceName=Android, appium:newCommandTimeout=300, appium:platformVersion=8.0, appium:app=C:\Users\alokpandey02\eclipse-workspace\NAGPAppiumAssignment\src\test\resources\Android_UI_Design-1.0 1.apk}], desiredCapabilities=Capabilities {app: C:\Users\alokpandey02\eclip..., appWaitActivity: com.boopathy.raja.tutorial...., appWaitPackage: com.boopathy.raja.tutorial, autoAcceptAlerts: true, automationName: UiAutomator2, deviceName: Android, newCommandTimeout: 300, platformName: ANDROID, platformVersion: 8.0}}]
Capabilities {app: C:\Users\alokpandey02\eclip..., appWaitActivity: com.boopathy.raja.tutorial...., appWaitPackage: com.boopathy.raja.tutorial, autoAcceptAlerts: true, automationName: UiAutomator2, deviceName: Android, newCommandTimeout: 300, platformName: ANDROID, platformVersion: 8.0}">
      <![CDATA[org.openqa.selenium.SessionNotCreatedException: Could not start a new session. Response code 500. Message: An unknown server-side error occurred while processing the command. Original error: Error executing adbExec. Original error: 'Command 'C:\\Users\\alokpandey02\\AppData\\Local\\Android\\Sdk\\platform-tools\\adb.exe -P 5037 -s emulator-5554 shell pm clear com.boopathy.raja.tutorial' timed out after 20000ms'. Try to increase the 20000ms adb execution timeout represented by 'adbExecTimeout' capability 
Host info: host: 'IN-BXWVDK3', ip: '192.168.1.104'
Build info: version: '4.21.0', revision: '79ed462ef4'
System info: os.name: 'Windows 10', os.arch: 'amd64', os.version: '10.0', java.version: '17'
Driver info: io.appium.java_client.android.AndroidDriver
Command: [null, newSession {capabilities=[{appium:appWaitPackage=com.boopathy.raja.tutorial, appium:appWaitActivity=com.boopathy.raja.tutorial.Splash, platformName=ANDROID, appium:autoAcceptAlerts=true, appium:automationName=UiAutomator2, appium:deviceName=Android, appium:newCommandTimeout=300, appium:platformVersion=8.0, appium:app=C:\Users\alokpandey02\eclipse-workspace\NAGPAppiumAssignment\src\test\resources\Android_UI_Design-1.0 1.apk}], desiredCapabilities=Capabilities {app: C:\Users\alokpandey02\eclip..., appWaitActivity: com.boopathy.raja.tutorial...., appWaitPackage: com.boopathy.raja.tutorial, autoAcceptAlerts: true, automationName: UiAutomator2, deviceName: Android, newCommandTimeout: 300, platformName: ANDROID, platformVersion: 8.0}}]
Capabilities {app: C:\Users\alokpandey02\eclip..., appWaitActivity: com.boopathy.raja.tutorial...., appWaitPackage: com.boopathy.raja.tutorial, autoAcceptAlerts: true, automationName: UiAutomator2, deviceName: Android, newCommandTimeout: 300, platformName: ANDROID, platformVersion: 8.0}
at org.openqa.selenium.remote.ProtocolHandshake.createSession(ProtocolHandshake.java:114)
at io.appium.java_client.remote.AppiumProtocolHandshake.createSession(AppiumProtocolHandshake.java:116)
at io.appium.java_client.remote.AppiumProtocolHandshake.createSession(AppiumProtocolHandshake.java:96)
at io.appium.java_client.remote.AppiumCommandExecutor.createSession(AppiumCommandExecutor.java:176)
at io.appium.java_client.remote.AppiumCommandExecutor.execute(AppiumCommandExecutor.java:237)
at org.openqa.selenium.remote.RemoteWebDriver.execute(RemoteWebDriver.java:518)
at io.appium.java_client.AppiumDriver.startSession(AppiumDriver.java:268)
at org.openqa.selenium.remote.RemoteWebDriver.<init>(RemoteWebDriver.java:161)
at io.appium.java_client.AppiumDriver.<init>(AppiumDriver.java:90)
at io.appium.java_client.AppiumDriver.<init>(AppiumDriver.java:102)
at io.appium.java_client.android.AndroidDriver.<init>(AndroidDriver.java:109)
at nagp.Base.TestBase.ExecuteDriver(TestBase.java:54)
at nagp.hooks.Hooks.Before(Hooks.java:60)
... Removed 4 stack frames]]>
    </failure>
  </testcase> <!-- runScenario -->
  <testcase classname="io.cucumber.testng.AbstractTestNGCucumberTests" name="runScenario" time="32.105">
    <failure type="org.openqa.selenium.TimeoutException" message="Expected condition failed: waiting for visibility of element located by By.xpath: //android.widget.Toast[@text=&amp;apos;Camera&amp;apos;] (tried for 10 second(s) with 500 milliseconds interval)
Build info: version: &amp;apos;4.21.0&amp;apos;, revision: &amp;apos;79ed462ef4&amp;apos;
System info: os.name: &amp;apos;Windows 10&amp;apos;, os.arch: &amp;apos;amd64&amp;apos;, os.version: &amp;apos;10.0&amp;apos;, java.version: &amp;apos;17&amp;apos;
Driver info: io.appium.java_client.android.AndroidDriver
Capabilities {appium:app: C:\Users\alokpandey02\eclip..., appium:appPackage: com.boopathy.raja.tutorial, appium:appWaitActivity: com.boopathy.raja.tutorial...., appium:appWaitPackage: com.boopathy.raja.tutorial, appium:autoAcceptAlerts: true, appium:automationName: UiAutomator2, appium:databaseEnabled: false, appium:desired: {app: C:\Users\alokpandey02\eclip..., appWaitActivity: com.boopathy.raja.tutorial...., appWaitPackage: com.boopathy.raja.tutorial, autoAcceptAlerts: true, automationName: UiAutomator2, deviceName: Android, newCommandTimeout: 300, platformName: ANDROID, platformVersion: 8.0}, appium:deviceApiLevel: 26, appium:deviceManufacturer: Google, appium:deviceModel: Android SDK built for x86, appium:deviceName: emulator-5554, appium:deviceScreenDensity: 440, appium:deviceScreenSize: 1080x2280, appium:deviceUDID: emulator-5554, appium:javascriptEnabled: true, appium:locationContextEnabled: false, appium:networkConnectionEnabled: true, appium:newCommandTimeout: 300, appium:pixelRatio: 2.75, appium:platformVersion: 8.0.0, appium:statBarHeight: 66, appium:takesScreenshot: true, appium:viewportRect: {height: 2214, left: 0, top: 66, width: 1080}, appium:warnings: {}, appium:webStorageEnabled: false, platformName: ANDROID}
Session ID: cd7ab2dd-04fc-47d1-8d89-4fb5a4eb76e3">
      <![CDATA[org.openqa.selenium.TimeoutException: Expected condition failed: waiting for visibility of element located by By.xpath: //android.widget.Toast[@text='Camera'] (tried for 10 second(s) with 500 milliseconds interval)
Build info: version: '4.21.0', revision: '79ed462ef4'
System info: os.name: 'Windows 10', os.arch: 'amd64', os.version: '10.0', java.version: '17'
Driver info: io.appium.java_client.android.AndroidDriver
Capabilities {appium:app: C:\Users\alokpandey02\eclip..., appium:appPackage: com.boopathy.raja.tutorial, appium:appWaitActivity: com.boopathy.raja.tutorial...., appium:appWaitPackage: com.boopathy.raja.tutorial, appium:autoAcceptAlerts: true, appium:automationName: UiAutomator2, appium:databaseEnabled: false, appium:desired: {app: C:\Users\alokpandey02\eclip..., appWaitActivity: com.boopathy.raja.tutorial...., appWaitPackage: com.boopathy.raja.tutorial, autoAcceptAlerts: true, automationName: UiAutomator2, deviceName: Android, newCommandTimeout: 300, platformName: ANDROID, platformVersion: 8.0}, appium:deviceApiLevel: 26, appium:deviceManufacturer: Google, appium:deviceModel: Android SDK built for x86, appium:deviceName: emulator-5554, appium:deviceScreenDensity: 440, appium:deviceScreenSize: 1080x2280, appium:deviceUDID: emulator-5554, appium:javascriptEnabled: true, appium:locationContextEnabled: false, appium:networkConnectionEnabled: true, appium:newCommandTimeout: 300, appium:pixelRatio: 2.75, appium:platformVersion: 8.0.0, appium:statBarHeight: 66, appium:takesScreenshot: true, appium:viewportRect: {height: 2214, left: 0, top: 66, width: 1080}, appium:warnings: {}, appium:webStorageEnabled: false, platformName: ANDROID}
Session ID: cd7ab2dd-04fc-47d1-8d89-4fb5a4eb76e3
at org.openqa.selenium.support.ui.WebDriverWait.timeoutException(WebDriverWait.java:84)
at org.openqa.selenium.support.ui.FluentWait.until(FluentWait.java:228)
at nagp.Base.AppiumWaits.waitForVisibilityOfElementLocated(AppiumWaits.java:49)
at nagp.Base.AppiumActions.getText(AppiumActions.java:51)
at nagp.pages.ArcMenuPage.ToastMessage(ArcMenuPage.java:59)
at nagp.stepDefinitions.ArcMenuStepDefinition.user_should_see_text(ArcMenuStepDefinition.java:43)
at ✽.user should see text "Air"(file:///C:/Users/alokpandey02/eclipse-workspace/NAGPAppiumAssignment/src/test/java/nagp/features/ArcMenu.feature:13)
]]>
    </failure>
  </testcase> <!-- runScenario -->
  <testcase classname="io.cucumber.testng.AbstractTestNGCucumberTests" name="runScenario" time="17.328"/>
  <testcase classname="io.cucumber.testng.AbstractTestNGCucumberTests" name="runScenario" time="11.334"/>
  <testcase classname="io.cucumber.testng.AbstractTestNGCucumberTests" name="runScenario" time="12.174"/>
  <testcase classname="io.cucumber.testng.AbstractTestNGCucumberTests" name="runScenario" time="58.732"/>
  <testcase classname="io.cucumber.testng.AbstractTestNGCucumberTests" name="runScenario" time="18.97"/>
  <testcase classname="io.cucumber.testng.AbstractTestNGCucumberTests" name="runScenario" time="18.659"/>
  <testcase classname="io.cucumber.testng.AbstractTestNGCucumberTests" name="runScenario" time="21.316"/>
</testsuite> <!-- Surefire test -->
